#
# There is insufficient memory for the Java Runtime Environment to continue.
# Native memory allocation (malloc) failed to allocate 1165456 bytes for Chunk::new
# Possible reasons:
#   The system is out of physical RAM or swap space
#   In 32 bit mode, the process size limit was hit
# Possible solutions:
#   Reduce memory load on the system
#   Increase physical memory or swap space
#   Check if swap backing store is full
#   Use 64 bit Java on a 64 bit OS
#   Decrease Java heap size (-Xmx/-Xms)
#   Decrease number of Java threads
#   Decrease Java thread stack sizes (-Xss)
#   Set larger code cache with -XX:ReservedCodeCacheSize=
# This output file may be truncated or incomplete.
#
#  Out of Memory Error (allocation.cpp:390), pid=23240, tid=0x0000000000005698
#
# JRE version: OpenJDK Runtime Environment (8.0_152-b01) (build 1.8.0_152-release-1248-b01)
# Java VM: OpenJDK 64-Bit Server VM (25.152-b01 mixed mode windows-amd64 compressed oops)
# Failed to write core dump. Minidumps are not enabled by default on client versions of Windows
#

---------------  T H R E A D  ---------------

Current thread (0x00000000181c1000):  JavaThread "C2 CompilerThread1" daemon [_thread_in_native, id=22168, stack(0x0000000018880000,0x0000000018980000)]

Stack: [0x0000000018880000,0x0000000018980000]
[error occurred during error reporting (printing stack bounds), id 0xc0000005]

Native frames: (J=compiled Java code, j=interpreted, Vv=VM code, C=native code)


Current CompileTask:
C2:   6550 1462   !   4       java.net.URLClassLoader$1::run (63 bytes)


---------------  P R O C E S S  ---------------

Java Threads: ( => current thread )
  0x000000001b495800 JavaThread "Cache worker for file hash cache (A:\Android Stidio Workspace\Cody\Cody\Cody1.2.3\.gradle\4.10.1\fileHashes)" [_thread_blocked, id=19912, stack(0x000000001d4a0000,0x000000001d5a0000)]
  0x000000001b5b1000 JavaThread "File lock request listener" [_thread_in_native, id=23144, stack(0x000000001c3d0000,0x000000001c4d0000)]
  0x000000001a44e000 JavaThread "Cache worker for file hash cache (A:\gradle-4.10.1\caches\4.10.1\fileHashes)" [_thread_blocked, id=20976, stack(0x000000001c2d0000,0x000000001c3d0000)]
  0x0000000019c20000 JavaThread "Stdin handler" [_thread_blocked, id=17840, stack(0x000000001b000000,0x000000001b100000)]
  0x0000000019c1e800 JavaThread "Asynchronous log dispatcher for DefaultDaemonConnection: socket connection from /127.0.0.1:54206 to /127.0.0.1:54207" [_thread_blocked, id=2360, stack(0x000000001af00000,0x000000001b000000)]
  0x0000000019aed000 JavaThread "Daemon worker" [_thread_in_vm, id=23020, stack(0x000000001ae00000,0x000000001af00000)]
  0x0000000019aec800 JavaThread "Cancel handler" [_thread_blocked, id=23420, stack(0x000000001ad00000,0x000000001ae00000)]
  0x0000000019c0a000 JavaThread "Handler for socket connection from /127.0.0.1:54206 to /127.0.0.1:54207" [_thread_in_native, id=5656, stack(0x000000001aa00000,0x000000001ab00000)]
  0x0000000019c09800 JavaThread "Daemon" [_thread_blocked, id=3032, stack(0x000000001a900000,0x000000001aa00000)]
  0x0000000019b34800 JavaThread "Daemon periodic checks" [_thread_blocked, id=21116, stack(0x000000001a800000,0x000000001a900000)]
  0x0000000019b33000 JavaThread "Incoming local TCP Connector on port 54206" [_thread_in_native, id=24288, stack(0x000000001a650000,0x000000001a750000)]
  0x00000000181df000 JavaThread "Service Thread" daemon [_thread_blocked, id=24080, stack(0x0000000018a80000,0x0000000018b80000)]
  0x00000000181db800 JavaThread "C1 CompilerThread2" daemon [_thread_blocked, id=16988, stack(0x0000000018980000,0x0000000018a80000)]
=>0x00000000181c1000 JavaThread "C2 CompilerThread1" daemon [_thread_in_native, id=22168, stack(0x0000000018880000,0x0000000018980000)]
  0x0000000016e2e000 JavaThread "C2 CompilerThread0" daemon [_thread_in_native, id=20828, stack(0x0000000018780000,0x0000000018880000)]
  0x0000000016e79800 JavaThread "Attach Listener" daemon [_thread_blocked, id=22388, stack(0x0000000018680000,0x0000000018780000)]
  0x0000000018188800 JavaThread "Signal Dispatcher" daemon [_thread_blocked, id=22908, stack(0x0000000018580000,0x0000000018680000)]
  0x0000000016e08800 JavaThread "Finalizer" daemon [_thread_blocked, id=11060, stack(0x0000000018080000,0x0000000018180000)]
  0x00000000034a2000 JavaThread "Reference Handler" daemon [_thread_blocked, id=8892, stack(0x0000000017f80000,0x0000000018080000)]
  0x0000000002eed800 JavaThread "main" [_thread_blocked, id=9552, stack(0x00000000032b0000,0x00000000033b0000)]

Other Threads:
  0x0000000016de6800 VMThread [stack: 0x0000000017e80000,0x0000000017f80000] [id=22636]
  0x00000000181e0000 WatcherThread [stack: 0x0000000018b80000,0x0000000018c80000] [id=23640]

VM state:not at safepoint (normal execution)

VM Mutex/Monitor currently owned by a thread: None

Heap:
 PSYoungGen      total 35328K, used 22707K [0x00000000e0000000, 0x00000000e2500000, 0x0000000100000000)
  eden space 32768K, 61% used [0x00000000e0000000,0x00000000e13b2db8,0x00000000e2000000)
  from space 2560K, 99% used [0x00000000e2000000,0x00000000e227a040,0x00000000e2280000)
  to   space 2560K, 0% used [0x00000000e2280000,0x00000000e2280000,0x00000000e2500000)
 ParOldGen       total 44032K, used 7610K [0x00000000a0000000, 0x00000000a2b00000, 0x00000000e0000000)
  object space 44032K, 17% used [0x00000000a0000000,0x00000000a076eb70,0x00000000a2b00000)
 Metaspace       used 15545K, capacity 15946K, committed 16256K, reserved 1062912K
  class space    used 2203K, capacity 2361K, committed 2432K, reserved 1048576K

Card table byte_map: [0x0000000012870000,0x0000000012b80000] byte_map_base: 0x0000000012370000

Marking Bits: (ParMarkBitMap*) 0x000000005b695aa0
 Begin Bits: [0x0000000013180000, 0x0000000014980000)
 End Bits:   [0x0000000014980000, 0x0000000016180000)

Polling page: 0x0000000001170000

CodeCache: size=245760Kb used=5300Kb max_used=5300Kb free=240459Kb
 bounds [0x00000000034b0000, 0x00000000039e0000, 0x00000000124b0000]
 total_blobs=1907 nmethods=1531 adapters=290
 compilation: enabled

Compilation events (10 events):
Event: 6.513 Thread 0x00000000181db800 1535   !   3       org.gradle.internal.service.DefaultServiceRegistry$ManagedObjectServiceProvider::getInstance (81 bytes)
Event: 6.514 Thread 0x00000000181db800 nmethod 1535 0x00000000039dc750 code [0x00000000039dc8c0, 0x00000000039dcd28]
Event: 6.514 Thread 0x00000000181db800 1533       3       org.gradle.internal.service.DefaultServiceRegistry::access$1200 (6 bytes)
Event: 6.514 Thread 0x00000000181db800 nmethod 1533 0x00000000039dce10 code [0x00000000039dcf80, 0x00000000039dd0e8]
Event: 6.514 Thread 0x00000000181db800 1534       3       org.gradle.internal.service.DefaultServiceRegistry::isSatisfiedBy (44 bytes)
Event: 6.514 Thread 0x00000000181db800 nmethod 1534 0x00000000039dd190 code [0x00000000039dd340, 0x00000000039dda88]
Event: 6.528 Thread 0x00000000181db800 1536       3       java.lang.String::lastIndexOf (151 bytes)
Event: 6.529 Thread 0x00000000181db800 nmethod 1536 0x00000000039ddbd0 code [0x00000000039ddd80, 0x00000000039de2d0]
Event: 6.533 Thread 0x00000000181db800 1537       3       org.gradle.internal.service.DefaultServiceRegistry::getService (14 bytes)
Event: 6.533 Thread 0x00000000181db800 nmethod 1537 0x00000000039de750 code [0x00000000039de8c0, 0x00000000039deb18]

GC Heap History (10 events):
Event: 1.780 GC heap before
{Heap before GC invocations=1 (full 0):
 PSYoungGen      total 18944K, used 16384K [0x00000000e0000000, 0x00000000e1500000, 0x0000000100000000)
  eden space 16384K, 100% used [0x00000000e0000000,0x00000000e1000000,0x00000000e1000000)
  from space 2560K, 0% used [0x00000000e1280000,0x00000000e1280000,0x00000000e1500000)
  to   space 2560K, 0% used [0x00000000e1000000,0x00000000e1000000,0x00000000e1280000)
 ParOldGen       total 44032K, used 0K [0x00000000a0000000, 0x00000000a2b00000, 0x00000000e0000000)
  object space 44032K, 0% used [0x00000000a0000000,0x00000000a0000000,0x00000000a2b00000)
 Metaspace       used 6295K, capacity 6520K, committed 6784K, reserved 1056768K
  class space    used 765K, capacity 813K, committed 896K, reserved 1048576K
Event: 1.789 GC heap after
Heap after GC invocations=1 (full 0):
 PSYoungGen      total 18944K, used 2552K [0x00000000e0000000, 0x00000000e1500000, 0x0000000100000000)
  eden space 16384K, 0% used [0x00000000e0000000,0x00000000e0000000,0x00000000e1000000)
  from space 2560K, 99% used [0x00000000e1000000,0x00000000e127e218,0x00000000e1280000)
  to   space 2560K, 0% used [0x00000000e1280000,0x00000000e1280000,0x00000000e1500000)
 ParOldGen       total 44032K, used 551K [0x00000000a0000000, 0x00000000a2b00000, 0x00000000e0000000)
  object space 44032K, 1% used [0x00000000a0000000,0x00000000a0089ef8,0x00000000a2b00000)
 Metaspace       used 6295K, capacity 6520K, committed 6784K, reserved 1056768K
  class space    used 765K, capacity 813K, committed 896K, reserved 1048576K
}
Event: 2.190 GC heap before
{Heap before GC invocations=2 (full 0):
 PSYoungGen      total 18944K, used 18936K [0x00000000e0000000, 0x00000000e1500000, 0x0000000100000000)
  eden space 16384K, 100% used [0x00000000e0000000,0x00000000e1000000,0x00000000e1000000)
  from space 2560K, 99% used [0x00000000e1000000,0x00000000e127e218,0x00000000e1280000)
  to   space 2560K, 0% used [0x00000000e1280000,0x00000000e1280000,0x00000000e1500000)
 ParOldGen       total 44032K, used 551K [0x00000000a0000000, 0x00000000a2b00000, 0x00000000e0000000)
  object space 44032K, 1% used [0x00000000a0000000,0x00000000a0089ef8,0x00000000a2b00000)
 Metaspace       used 6895K, capacity 7032K, committed 7296K, reserved 1056768K
  class space    used 835K, capacity 877K, committed 896K, reserved 1048576K
Event: 2.207 GC heap after
Heap after GC invocations=2 (full 0):
 PSYoungGen      total 18944K, used 2553K [0x00000000e0000000, 0x00000000e2500000, 0x0000000100000000)
  eden space 16384K, 0% used [0x00000000e0000000,0x00000000e0000000,0x00000000e1000000)
  from space 2560K, 99% used [0x00000000e1280000,0x00000000e14fe778,0x00000000e1500000)
  to   space 2560K, 0% used [0x00000000e1000000,0x00000000e1000000,0x00000000e1280000)
 ParOldGen       total 44032K, used 978K [0x00000000a0000000, 0x00000000a2b00000, 0x00000000e0000000)
  object space 44032K, 2% used [0x00000000a0000000,0x00000000a00f4990,0x00000000a2b00000)
 Metaspace       used 6895K, capacity 7032K, committed 7296K, reserved 1056768K
  class space    used 835K, capacity 877K, committed 896K, reserved 1048576K
}
Event: 2.819 GC heap before
{Heap before GC invocations=3 (full 0):
 PSYoungGen      total 18944K, used 18937K [0x00000000e0000000, 0x00000000e2500000, 0x0000000100000000)
  eden space 16384K, 100% used [0x00000000e0000000,0x00000000e1000000,0x00000000e1000000)
  from space 2560K, 99% used [0x00000000e1280000,0x00000000e14fe778,0x00000000e1500000)
  to   space 2560K, 0% used [0x00000000e1000000,0x00000000e1000000,0x00000000e1280000)
 ParOldGen       total 44032K, used 978K [0x00000000a0000000, 0x00000000a2b00000, 0x00000000e0000000)
  object space 44032K, 2% used [0x00000000a0000000,0x00000000a00f4990,0x00000000a2b00000)
 Metaspace       used 7100K, capacity 7346K, committed 7680K, reserved 1056768K
  class space    used 875K, capacity 918K, committed 1024K, reserved 1048576K
Event: 2.823 GC heap after
Heap after GC invocations=3 (full 0):
 PSYoungGen      total 18944K, used 2552K [0x00000000e0000000, 0x00000000e2500000, 0x0000000100000000)
  eden space 16384K, 0% used [0x00000000e0000000,0x00000000e0000000,0x00000000e1000000)
  from space 2560K, 99% used [0x00000000e1000000,0x00000000e127e050,0x00000000e1280000)
  to   space 2560K, 0% used [0x00000000e2280000,0x00000000e2280000,0x00000000e2500000)
 ParOldGen       total 44032K, used 1608K [0x00000000a0000000, 0x00000000a2b00000, 0x00000000e0000000)
  object space 44032K, 3% used [0x00000000a0000000,0x00000000a0192100,0x00000000a2b00000)
 Metaspace       used 7100K, capacity 7346K, committed 7680K, reserved 1056768K
  class space    used 875K, capacity 918K, committed 1024K, reserved 1048576K
}
Event: 3.551 GC heap before
{Heap before GC invocations=4 (full 0):
 PSYoungGen      total 18944K, used 18936K [0x00000000e0000000, 0x00000000e2500000, 0x0000000100000000)
  eden space 16384K, 100% used [0x00000000e0000000,0x00000000e1000000,0x00000000e1000000)
  from space 2560K, 99% used [0x00000000e1000000,0x00000000e127e050,0x00000000e1280000)
  to   space 2560K, 0% used [0x00000000e2280000,0x00000000e2280000,0x00000000e2500000)
 ParOldGen       total 44032K, used 1608K [0x00000000a0000000, 0x00000000a2b00000, 0x00000000e0000000)
  object space 44032K, 3% used [0x00000000a0000000,0x00000000a0192100,0x00000000a2b00000)
 Metaspace       used 9853K, capacity 10120K, committed 10368K, reserved 1058816K
  class space    used 1310K, capacity 1392K, committed 1408K, reserved 1048576K
Event: 3.560 GC heap after
Heap after GC invocations=4 (full 0):
 PSYoungGen      total 35328K, used 2536K [0x00000000e0000000, 0x00000000e2500000, 0x0000000100000000)
  eden space 32768K, 0% used [0x00000000e0000000,0x00000000e0000000,0x00000000e2000000)
  from space 2560K, 99% used [0x00000000e2280000,0x00000000e24fa020,0x00000000e2500000)
  to   space 2560K, 0% used [0x00000000e2000000,0x00000000e2000000,0x00000000e2280000)
 ParOldGen       total 44032K, used 3749K [0x00000000a0000000, 0x00000000a2b00000, 0x00000000e0000000)
  object space 44032K, 8% used [0x00000000a0000000,0x00000000a03a96e8,0x00000000a2b00000)
 Metaspace       used 9853K, capacity 10120K, committed 10368K, reserved 1058816K
  class space    used 1310K, capacity 1392K, committed 1408K, reserved 1048576K
}
Event: 5.863 GC heap before
{Heap before GC invocations=5 (full 0):
 PSYoungGen      total 35328K, used 35304K [0x00000000e0000000, 0x00000000e2500000, 0x0000000100000000)
  eden space 32768K, 100% used [0x00000000e0000000,0x00000000e2000000,0x00000000e2000000)
  from space 2560K, 99% used [0x00000000e2280000,0x00000000e24fa020,0x00000000e2500000)
  to   space 2560K, 0% used [0x00000000e2000000,0x00000000e2000000,0x00000000e2280000)
 ParOldGen       total 44032K, used 3749K [0x00000000a0000000, 0x00000000a2b00000, 0x00000000e0000000)
  object space 44032K, 8% used [0x00000000a0000000,0x00000000a03a96e8,0x00000000a2b00000)
 Metaspace       used 13659K, capacity 14042K, committed 14208K, reserved 1060864K
  class space    used 1908K, capacity 2063K, committed 2176K, reserved 1048576K
Event: 5.875 GC heap after
Heap after GC invocations=5 (full 0):
 PSYoungGen      total 35328K, used 2536K [0x00000000e0000000, 0x00000000e2500000, 0x0000000100000000)
  eden space 32768K, 0% used [0x00000000e0000000,0x00000000e0000000,0x00000000e2000000)
  from space 2560K, 99% used [0x00000000e2000000,0x00000000e227a040,0x00000000e2280000)
  to   space 2560K, 0% used [0x00000000e2280000,0x00000000e2280000,0x00000000e2500000)
 ParOldGen       total 44032K, used 7610K [0x00000000a0000000, 0x00000000a2b00000, 0x00000000e0000000)
  object space 44032K, 17% used [0x00000000a0000000,0x00000000a076eb70,0x00000000a2b00000)
 Metaspace       used 13659K, capacity 14042K, committed 14208K, reserved 1060864K
  class space    used 1908K, capacity 2063K, committed 2176K, reserved 1048576K
}

Deoptimization events (10 events):
Event: 5.030 Thread 0x0000000019aed000 Uncommon trap: reason=bimorphic action=maybe_recompile pc=0x000000000374a0f8 method=java.util.HashMap.putVal(ILjava/lang/Object;Ljava/lang/Object;ZZ)Ljava/lang/Object; @ 253
Event: 5.030 Thread 0x0000000019aed000 Uncommon trap: reason=bimorphic action=maybe_recompile pc=0x000000000374a0f8 method=java.util.HashMap.putVal(ILjava/lang/Object;Ljava/lang/Object;ZZ)Ljava/lang/Object; @ 253
Event: 5.030 Thread 0x0000000019aed000 Uncommon trap: reason=bimorphic action=maybe_recompile pc=0x00000000037421e4 method=java.util.HashMap.putVal(ILjava/lang/Object;Ljava/lang/Object;ZZ)Ljava/lang/Object; @ 253
Event: 5.989 Thread 0x0000000019aed000 Uncommon trap: reason=class_check action=maybe_recompile pc=0x000000000377ae44 method=java.util.regex.Matcher.match(II)Z @ 86
Event: 6.022 Thread 0x0000000019aed000 Uncommon trap: reason=class_check action=maybe_recompile pc=0x000000000377ae44 method=java.util.regex.Matcher.match(II)Z @ 86
Event: 6.023 Thread 0x0000000019aed000 Uncommon trap: reason=class_check action=maybe_recompile pc=0x000000000377ae44 method=java.util.regex.Matcher.match(II)Z @ 86
Event: 6.023 Thread 0x0000000019aed000 Uncommon trap: reason=class_check action=maybe_recompile pc=0x000000000374831c method=java.util.regex.Matcher.match(II)Z @ 86
Event: 6.271 Thread 0x0000000019aed000 Uncommon trap: reason=unstable_if action=reinterpret pc=0x000000000391af74 method=java.lang.String.lastIndexOf([CII[CIII)I @ 66
Event: 6.430 Thread 0x0000000019aed000 Uncommon trap: reason=unstable_if action=reinterpret pc=0x0000000003608348 method=java.net.URI.match(CJJ)Z @ 19
Event: 6.433 Thread 0x0000000019aed000 Uncommon trap: reason=unstable_if action=reinterpret pc=0x000000000371b4c0 method=java.net.URI.match(CJJ)Z @ 19

Classes redefined (0 events):
No events

Internal exceptions (10 events):
Event: 4.831 Thread 0x0000000019c0a000 Exception <a 'java/lang/NoSuchMethodError': <clinit>> (0x00000000e05adb40) thrown at [D:\src\AOSP-openjdk-cygwin\jdk8u\hotspot\src\share\vm\prims\jni.cpp, line 1613]
Event: 4.834 Thread 0x0000000019c0a000 Exception <a 'java/lang/NoSuchMethodError': <clinit>> (0x00000000e05b9438) thrown at [D:\src\AOSP-openjdk-cygwin\jdk8u\hotspot\src\share\vm\prims\jni.cpp, line 1613]
Event: 4.837 Thread 0x0000000019c0a000 Exception <a 'java/lang/NoSuchMethodError': <clinit>> (0x00000000e05c2a18) thrown at [D:\src\AOSP-openjdk-cygwin\jdk8u\hotspot\src\share\vm\prims\jni.cpp, line 1613]
Event: 4.849 Thread 0x0000000019c0a000 Exception <a 'java/lang/NoSuchMethodError': <clinit>> (0x00000000e05e9888) thrown at [D:\src\AOSP-openjdk-cygwin\jdk8u\hotspot\src\share\vm\prims\jni.cpp, line 1613]
Event: 4.856 Thread 0x0000000019c0a000 Exception <a 'java/lang/NoSuchMethodError': <clinit>> (0x00000000e06015e8) thrown at [D:\src\AOSP-openjdk-cygwin\jdk8u\hotspot\src\share\vm\prims\jni.cpp, line 1613]
Event: 4.861 Thread 0x0000000019c0a000 Exception <a 'java/lang/NoSuchMethodError': <clinit>> (0x00000000e060a0b0) thrown at [D:\src\AOSP-openjdk-cygwin\jdk8u\hotspot\src\share\vm\prims\jni.cpp, line 1613]
Event: 4.865 Thread 0x0000000019c0a000 Exception <a 'java/lang/NoSuchMethodError': <clinit>> (0x00000000e061ff88) thrown at [D:\src\AOSP-openjdk-cygwin\jdk8u\hotspot\src\share\vm\prims\jni.cpp, line 1613]
Event: 4.883 Thread 0x0000000019c0a000 Exception <a 'java/lang/NoSuchMethodError': <clinit>> (0x00000000e067e6a8) thrown at [D:\src\AOSP-openjdk-cygwin\jdk8u\hotspot\src\share\vm\prims\jni.cpp, line 1613]
Event: 4.890 Thread 0x0000000019c0a000 Exception <a 'java/lang/NoSuchMethodError': <clinit>> (0x00000000e06aab38) thrown at [D:\src\AOSP-openjdk-cygwin\jdk8u\hotspot\src\share\vm\prims\jni.cpp, line 1613]
Event: 4.909 Thread 0x0000000019c0a000 Exception <a 'java/lang/NoSuchMethodError': <clinit>> (0x00000000e06c76a0) thrown at [D:\src\AOSP-openjdk-cygwin\jdk8u\hotspot\src\share\vm\prims\jni.cpp, line 1613]

Events (10 events):
Event: 6.541 loading class com/google/common/cache/CacheLoader$FunctionToCacheLoader done
Event: 6.541 loading class com/google/common/cache/LocalCache$LocalLoadingCache
Event: 6.541 loading class com/google/common/cache/LocalCache$LocalLoadingCache done
Event: 6.543 loading class org/gradle/api/internal/plugins/PotentialPlugin
Event: 6.543 loading class org/gradle/api/internal/plugins/PotentialPlugin done
Event: 6.544 loading class org/gradle/api/internal/plugins/DefaultPluginRegistry
Event: 6.544 loading class org/gradle/api/internal/plugins/DefaultPluginRegistry done
Event: 6.545 loading class org/gradle/api/internal/plugins/DefaultPluginRegistry$PotentialPluginCacheLoader
Event: 6.545 loading class org/gradle/api/internal/plugins/DefaultPluginRegistry$PotentialPluginCacheLoader done
Event: 6.546 loading class org/gradle/api/internal/plugins/DefaultPluginRegistry$1


Dynamic libraries:
0x00007ff7a8c40000 - 0x00007ff7a8c71000 	A:\AndroidStudio\AS application\jre\bin\java.exe
0x00007ffc419d0000 - 0x00007ffc41bb1000 	C:\WINDOWS\SYSTEM32\ntdll.dll
0x00007ffc40be0000 - 0x00007ffc40c91000 	C:\WINDOWS\System32\KERNEL32.DLL
0x00007ffc3eb30000 - 0x00007ffc3eda3000 	C:\WINDOWS\System32\KERNELBASE.dll
0x00007ffc40d00000 - 0x00007ffc40da1000 	C:\WINDOWS\System32\ADVAPI32.dll
0x00007ffc3ee60000 - 0x00007ffc3eefe000 	C:\WINDOWS\System32\msvcrt.dll
0x00007ffc408a0000 - 0x00007ffc408fb000 	C:\WINDOWS\System32\sechost.dll
0x00007ffc405b0000 - 0x00007ffc406d4000 	C:\WINDOWS\System32\RPCRT4.dll
0x00007ffc40710000 - 0x00007ffc408a0000 	C:\WINDOWS\System32\USER32.dll
0x00007ffc3e360000 - 0x00007ffc3e380000 	C:\WINDOWS\System32\win32u.dll
0x00007ffc41200000 - 0x00007ffc41228000 	C:\WINDOWS\System32\GDI32.dll
0x00007ffc3e1c0000 - 0x00007ffc3e352000 	C:\WINDOWS\System32\gdi32full.dll
0x00007ffc3ea90000 - 0x00007ffc3eb2f000 	C:\WINDOWS\System32\msvcp_win.dll
0x00007ffc3e0c0000 - 0x00007ffc3e1b8000 	C:\WINDOWS\System32\ucrtbase.dll
0x00007ffc2ecf0000 - 0x00007ffc2ef59000 	C:\WINDOWS\WinSxS\amd64_microsoft.windows.common-controls_6595b64144ccf1df_6.0.17134.765_none_fb42a1a930655896\COMCTL32.dll
0x00007ffc40db0000 - 0x00007ffc410d2000 	C:\WINDOWS\System32\combase.dll
0x00007ffc3dda0000 - 0x00007ffc3de1a000 	C:\WINDOWS\System32\bcryptPrimitives.dll
0x00007ffc406e0000 - 0x00007ffc4070d000 	C:\WINDOWS\System32\IMM32.DLL
0x000000005a470000 - 0x000000005a542000 	A:\AndroidStudio\AS application\jre\jre\bin\msvcr100.dll
0x000000005aed0000 - 0x000000005b711000 	A:\AndroidStudio\AS application\jre\jre\bin\server\jvm.dll
0x00007ffc40920000 - 0x00007ffc40928000 	C:\WINDOWS\System32\PSAPI.DLL
0x00007ffc3c8f0000 - 0x00007ffc3c8f9000 	C:\WINDOWS\SYSTEM32\WSOCK32.dll
0x00007ffc39bd0000 - 0x00007ffc39bda000 	C:\WINDOWS\SYSTEM32\VERSION.dll
0x00007ffc39450000 - 0x00007ffc39473000 	C:\WINDOWS\SYSTEM32\WINMM.dll
0x00007ffc40b70000 - 0x00007ffc40bdc000 	C:\WINDOWS\System32\WS2_32.dll
0x00007ffc393f0000 - 0x00007ffc3941a000 	C:\WINDOWS\SYSTEM32\winmmbase.dll
0x00007ffc3e070000 - 0x00007ffc3e0b9000 	C:\WINDOWS\System32\cfgmgr32.dll
0x00007ffc39440000 - 0x00007ffc3944f000 	A:\AndroidStudio\AS application\jre\jre\bin\verify.dll
0x00007ffc390c0000 - 0x00007ffc390e9000 	A:\AndroidStudio\AS application\jre\jre\bin\java.dll
0x00007ffc39420000 - 0x00007ffc39436000 	A:\AndroidStudio\AS application\jre\jre\bin\zip.dll
0x00007ffc3ef00000 - 0x00007ffc40340000 	C:\WINDOWS\System32\SHELL32.dll
0x00007ffc410e0000 - 0x00007ffc41189000 	C:\WINDOWS\System32\shcore.dll
0x00007ffc3e380000 - 0x00007ffc3ea8d000 	C:\WINDOWS\System32\windows.storage.dll
0x00007ffc411a0000 - 0x00007ffc411f1000 	C:\WINDOWS\System32\shlwapi.dll
0x00007ffc3dd60000 - 0x00007ffc3dd71000 	C:\WINDOWS\System32\kernel.appcore.dll
0x00007ffc3dd80000 - 0x00007ffc3dd9f000 	C:\WINDOWS\System32\profapi.dll
0x00007ffc3dce0000 - 0x00007ffc3dd2c000 	C:\WINDOWS\System32\powrprof.dll
0x00007ffc3dd50000 - 0x00007ffc3dd5a000 	C:\WINDOWS\System32\FLTLIB.DLL
0x00007ffc38980000 - 0x00007ffc3899a000 	A:\AndroidStudio\AS application\jre\jre\bin\net.dll
0x00007ffc3d560000 - 0x00007ffc3d5c6000 	C:\WINDOWS\system32\mswsock.dll
0x00007ffc38960000 - 0x00007ffc38971000 	A:\AndroidStudio\AS application\jre\jre\bin\nio.dll
0x00007ffc1f0d0000 - 0x00007ffc1f0ee000 	A:\gradle-4.10.1\native\25\windows-amd64\native-platform.dll
0x00007ffc392d0000 - 0x00007ffc392dd000 	A:\AndroidStudio\AS application\jre\jre\bin\management.dll
0x00007ffc3d710000 - 0x00007ffc3d727000 	C:\WINDOWS\SYSTEM32\CRYPTSP.dll
0x00007ffc3d140000 - 0x00007ffc3d173000 	C:\WINDOWS\system32\rsaenh.dll
0x00007ffc3d840000 - 0x00007ffc3d865000 	C:\WINDOWS\SYSTEM32\bcrypt.dll
0x00007ffc3dc10000 - 0x00007ffc3dc38000 	C:\WINDOWS\SYSTEM32\USERENV.dll
0x00007ffc3d730000 - 0x00007ffc3d73b000 	C:\WINDOWS\SYSTEM32\CRYPTBASE.dll
0x00007ffc3d2e0000 - 0x00007ffc3d318000 	C:\WINDOWS\SYSTEM32\IPHLPAPI.DLL
0x00007ffc405a0000 - 0x00007ffc405a8000 	C:\WINDOWS\System32\NSI.dll
0x00007ffc33b70000 - 0x00007ffc33b86000 	C:\WINDOWS\SYSTEM32\dhcpcsvc6.DLL
0x00007ffc33b50000 - 0x00007ffc33b6a000 	C:\WINDOWS\SYSTEM32\dhcpcsvc.DLL

VM Arguments:
jvm_args: -Xmx1536m -Dfile.encoding=GBK -Duser.country=CN -Duser.language=zh -Duser.variant 
java_command: org.gradle.launcher.daemon.bootstrap.GradleDaemon 4.10.1
java_class_path (initial): A:\gradle-4.10.1\wrapper\dists\gradle-4.10.1-all\455itskqi2qtf0v2sja68alqd\gradle-4.10.1\lib\gradle-launcher-4.10.1.jar
Launcher Type: SUN_STANDARD

Environment Variables:
JAVA_HOME=C:\Program Files\Java\jdk1.8.0_144
CLASSPATH=.;C:\Program Files\Java\jdk1.8.0_144\lib\tools.jar;C:\Program Files\Java\jdk1.8.0_144\lib\dt.jar
PATH=C:\ProgramData\Oracle\Java\javapath;C:\WINDOWS\system32;C:\WINDOWS;C:\WINDOWS\System32\Wbem;C:\WINDOWS\System32\WindowsPowerShell\v1.0\;C:\Program Files\Git\cmd;C:\Program Files\Java\jdk1.8.0_144\bin;C:\WINDOWS\System32\OpenSSH\;A:\Program Files\nodejs\;A:\Program Files\nodejs\node_global;C:\Users\cyz\Desktop\Ç°¶Ë\HBuilderX\plugins\launcher\tools\adbs\adb.exe;C:\Program Files (x86)\LeanPro\CukeTest\;C:\Users\cyz\AppData\Local\Microsoft\WindowsApps;C:\Program Files\Bandizip\;C:\Users\86178\AppData\Roaming\npm;C:\Users\cyz\AppData\Local\GitHubDesktop\bin;C:\Users\cyz\AppData\Local\Microsoft\WindowsApps;C:\Users\cyz\AppData\Local\Programs\Microsoft VS Code\bin;C:\Users\cyz\AppData\Roaming\npm
USERNAME=cyz
OS=Windows_NT
PROCESSOR_IDENTIFIER=Intel64 Family 6 Model 78 Stepping 3, GenuineIntel



---------------  S Y S T E M  ---------------

OS: Windows 10.0 , 64 bit Build 17134 (10.0.17134.753)

CPU:total 4 (initial active 4) (2 cores per cpu, 2 threads per core) family 6 model 78 stepping 3, cmov, cx8, fxsr, mmx, sse, sse2, sse3, ssse3, sse4.1, sse4.2, popcnt, avx, avx2, aes, clmul, erms, 3dnowpref, lzcnt, ht, tsc, tscinvbit, bmi1, bmi2, adx

Memory: 4k page, physical 4084832k(304388k free), swap 16667744k(5884k free)

vm_info: OpenJDK 64-Bit Server VM (25.152-b01) for windows-amd64 JRE (1.8.0_152-release-1248-b01), built by "builder" with MS VC++ 10.0 (VS2010)

time: Sat Jun 15 22:19:40 2019
elapsed time: 6 seconds (0d 0h 0m 6s)

