#
# There is insufficient memory for the Java Runtime Environment to continue.
# Native memory allocation (malloc) failed to allocate 1856528 bytes for Chunk::new
# Possible reasons:
#   The system is out of physical RAM or swap space
#   In 32 bit mode, the process size limit was hit
# Possible solutions:
#   Reduce memory load on the system
#   Increase physical memory or swap space
#   Check if swap backing store is full
#   Use 64 bit Java on a 64 bit OS
#   Decrease Java heap size (-Xmx/-Xms)
#   Decrease number of Java threads
#   Decrease Java thread stack sizes (-Xss)
#   Set larger code cache with -XX:ReservedCodeCacheSize=
# This output file may be truncated or incomplete.
#
#  Out of Memory Error (allocation.cpp:390), pid=7588, tid=0x00000000000057c4
#
# JRE version: OpenJDK Runtime Environment (8.0_152-b01) (build 1.8.0_152-release-1248-b01)
# Java VM: OpenJDK 64-Bit Server VM (25.152-b01 mixed mode windows-amd64 compressed oops)
# Failed to write core dump. Minidumps are not enabled by default on client versions of Windows
#

---------------  T H R E A D  ---------------

Current thread (0x000000001694e800):  JavaThread "C2 CompilerThread0" daemon [_thread_in_native, id=22468, stack(0x0000000018290000,0x0000000018390000)]

Stack: [0x0000000018290000,0x0000000018390000]
[error occurred during error reporting (printing stack bounds), id 0xc0000005]

Native frames: (J=compiled Java code, j=interpreted, Vv=VM code, C=native code)


Current CompileTask:
C2:   6640 1397   !   4       java.net.URLClassLoader$1::run (63 bytes)


---------------  P R O C E S S  ---------------

Java Threads: ( => current thread )
  0x000000001ba72000 JavaThread "File lock request listener" [_thread_in_native, id=20832, stack(0x000000001d010000,0x000000001d110000)]
  0x000000001b715000 JavaThread "Cache worker for file hash cache (A:\gradle-4.10.1\caches\4.10.1\fileHashes)" [_thread_blocked, id=21532, stack(0x000000001cdb0000,0x000000001ceb0000)]
  0x0000000019749800 JavaThread "Stdin handler" [_thread_blocked, id=18332, stack(0x000000001ab10000,0x000000001ac10000)]
  0x00000000198ef000 JavaThread "Asynchronous log dispatcher for DefaultDaemonConnection: socket connection from /127.0.0.1:53799 to /127.0.0.1:53800" [_thread_blocked, id=22996, stack(0x000000001aa10000,0x000000001ab10000)]
  0x00000000198e8000 JavaThread "Daemon worker" [_thread_in_vm, id=20640, stack(0x000000001a910000,0x000000001aa10000)]
  0x0000000019730800 JavaThread "Cancel handler" [_thread_blocked, id=22900, stack(0x000000001a810000,0x000000001a910000)]
  0x00000000194d3800 JavaThread "Handler for socket connection from /127.0.0.1:53799 to /127.0.0.1:53800" [_thread_in_native, id=23852, stack(0x000000001a510000,0x000000001a610000)]
  0x00000000194d0800 JavaThread "Daemon" [_thread_blocked, id=11544, stack(0x000000001a410000,0x000000001a510000)]
  0x00000000194f7000 JavaThread "Daemon periodic checks" [_thread_blocked, id=23736, stack(0x000000001a310000,0x000000001a410000)]
  0x00000000194dd000 JavaThread "Incoming local TCP Connector on port 53799" [_thread_in_native, id=23672, stack(0x000000001a160000,0x000000001a260000)]
  0x0000000017cf1800 JavaThread "Service Thread" daemon [_thread_blocked, id=10304, stack(0x0000000018590000,0x0000000018690000)]
  0x000000001699e000 JavaThread "C1 CompilerThread2" daemon [_thread_blocked, id=20808, stack(0x0000000018490000,0x0000000018590000)]
  0x000000001699c800 JavaThread "C2 CompilerThread1" daemon [_thread_in_native, id=12480, stack(0x0000000018390000,0x0000000018490000)]
=>0x000000001694e800 JavaThread "C2 CompilerThread0" daemon [_thread_in_native, id=22468, stack(0x0000000018290000,0x0000000018390000)]
  0x0000000016999800 JavaThread "Attach Listener" daemon [_thread_blocked, id=20532, stack(0x0000000018190000,0x0000000018290000)]
  0x0000000017c98800 JavaThread "Signal Dispatcher" daemon [_thread_blocked, id=5024, stack(0x0000000018090000,0x0000000018190000)]
  0x0000000002fca800 JavaThread "Finalizer" daemon [_thread_blocked, id=12408, stack(0x0000000017b90000,0x0000000017c90000)]
  0x0000000002fbf800 JavaThread "Reference Handler" daemon [_thread_blocked, id=1060, stack(0x0000000017a90000,0x0000000017b90000)]
  0x00000000010dd800 JavaThread "main" [_thread_blocked, id=23240, stack(0x0000000002dd0000,0x0000000002ed0000)]

Other Threads:
  0x0000000016907000 VMThread [stack: 0x0000000017990000,0x0000000017a90000] [id=20216]
  0x0000000017cf2800 WatcherThread [stack: 0x0000000018690000,0x0000000018790000] [id=23228]

VM state:not at safepoint (normal execution)

VM Mutex/Monitor currently owned by a thread: None

Heap:
 PSYoungGen      total 30208K, used 15778K [0x00000000e0000000, 0x00000000e2b00000, 0x0000000100000000)
  eden space 25088K, 44% used [0x00000000e0000000,0x00000000e0ad36e0,0x00000000e1880000)
  from space 5120K, 91% used [0x00000000e1e00000,0x00000000e22954f0,0x00000000e2300000)
  to   space 5632K, 0% used [0x00000000e1880000,0x00000000e1880000,0x00000000e1e00000)
 ParOldGen       total 44032K, used 5501K [0x00000000a0000000, 0x00000000a2b00000, 0x00000000e0000000)
  object space 44032K, 12% used [0x00000000a0000000,0x00000000a055f630,0x00000000a2b00000)
 Metaspace       used 14594K, capacity 14942K, committed 15104K, reserved 1062912K
  class space    used 2067K, capacity 2193K, committed 2304K, reserved 1048576K

Card table byte_map: [0x0000000012390000,0x00000000126a0000] byte_map_base: 0x0000000011e90000

Marking Bits: (ParMarkBitMap*) 0x000000005b695aa0
 Begin Bits: [0x0000000012ca0000, 0x00000000144a0000)
 End Bits:   [0x00000000144a0000, 0x0000000015ca0000)

Polling page: 0x0000000001090000

CodeCache: size=245760Kb used=5134Kb max_used=5134Kb free=240625Kb
 bounds [0x0000000002fd0000, 0x00000000034e0000, 0x0000000011fd0000]
 total_blobs=1820 nmethods=1449 adapters=284
 compilation: enabled

Compilation events (10 events):
Event: 6.460 Thread 0x000000001699e000 1449       3       org.gradle.internal.file.FilePathUtil::sizeOfCommonPrefix (142 bytes)
Event: 6.462 Thread 0x000000001699e000 nmethod 1449 0x00000000034d1a50 code [0x00000000034d1cc0, 0x00000000034d30e8]
Event: 6.462 Thread 0x000000001699e000 1450       3       java.util.AbstractCollection::isEmpty (13 bytes)
Event: 6.463 Thread 0x000000001699e000 nmethod 1450 0x00000000034d3a50 code [0x00000000034d3bc0, 0x00000000034d3e28]
Event: 6.463 Thread 0x000000001699e000 1451       3       org.gradle.internal.file.DefaultFileHierarchySet$Node::sizeOfCommonPrefix (10 bytes)
Event: 6.463 Thread 0x000000001699e000 nmethod 1451 0x00000000034d3ed0 code [0x00000000034d4040, 0x00000000034d4228]
Event: 6.463 Thread 0x000000001699e000 1452       3       com.google.common.collect.AbstractIndexedListIterator::next (31 bytes)
Event: 6.463 Thread 0x000000001699e000 nmethod 1452 0x00000000034d4310 code [0x00000000034d44a0, 0x00000000034d48f8]
Event: 6.463 Thread 0x000000001699e000 1453       3       com.google.common.collect.Iterators$11::get (12 bytes)
Event: 6.463 Thread 0x000000001699e000 nmethod 1453 0x00000000034d4a50 code [0x00000000034d4ba0, 0x00000000034d4d10]

GC Heap History (10 events):
Event: 2.600 GC heap before
{Heap before GC invocations=2 (full 0):
 PSYoungGen      total 18944K, used 18931K [0x00000000e0000000, 0x00000000e1500000, 0x0000000100000000)
  eden space 16384K, 100% used [0x00000000e0000000,0x00000000e1000000,0x00000000e1000000)
  from space 2560K, 99% used [0x00000000e1000000,0x00000000e127cf60,0x00000000e1280000)
  to   space 2560K, 0% used [0x00000000e1280000,0x00000000e1280000,0x00000000e1500000)
 ParOldGen       total 44032K, used 579K [0x00000000a0000000, 0x00000000a2b00000, 0x00000000e0000000)
  object space 44032K, 1% used [0x00000000a0000000,0x00000000a0090d00,0x00000000a2b00000)
 Metaspace       used 6895K, capacity 7032K, committed 7296K, reserved 1056768K
  class space    used 836K, capacity 877K, committed 896K, reserved 1048576K
Event: 2.610 GC heap after
Heap after GC invocations=2 (full 0):
 PSYoungGen      total 18944K, used 2552K [0x00000000e0000000, 0x00000000e2500000, 0x0000000100000000)
  eden space 16384K, 0% used [0x00000000e0000000,0x00000000e0000000,0x00000000e1000000)
  from space 2560K, 99% used [0x00000000e1280000,0x00000000e14fe030,0x00000000e1500000)
  to   space 2560K, 0% used [0x00000000e1000000,0x00000000e1000000,0x00000000e1280000)
 ParOldGen       total 44032K, used 960K [0x00000000a0000000, 0x00000000a2b00000, 0x00000000e0000000)
  object space 44032K, 2% used [0x00000000a0000000,0x00000000a00f0180,0x00000000a2b00000)
 Metaspace       used 6895K, capacity 7032K, committed 7296K, reserved 1056768K
  class space    used 836K, capacity 877K, committed 896K, reserved 1048576K
}
Event: 3.130 GC heap before
{Heap before GC invocations=3 (full 0):
 PSYoungGen      total 18944K, used 18936K [0x00000000e0000000, 0x00000000e2500000, 0x0000000100000000)
  eden space 16384K, 100% used [0x00000000e0000000,0x00000000e1000000,0x00000000e1000000)
  from space 2560K, 99% used [0x00000000e1280000,0x00000000e14fe030,0x00000000e1500000)
  to   space 2560K, 0% used [0x00000000e1000000,0x00000000e1000000,0x00000000e1280000)
 ParOldGen       total 44032K, used 960K [0x00000000a0000000, 0x00000000a2b00000, 0x00000000e0000000)
  object space 44032K, 2% used [0x00000000a0000000,0x00000000a00f0180,0x00000000a2b00000)
 Metaspace       used 7108K, capacity 7346K, committed 7680K, reserved 1056768K
  class space    used 875K, capacity 918K, committed 1024K, reserved 1048576K
Event: 3.134 GC heap after
Heap after GC invocations=3 (full 0):
 PSYoungGen      total 18944K, used 2552K [0x00000000e0000000, 0x00000000e2500000, 0x0000000100000000)
  eden space 16384K, 0% used [0x00000000e0000000,0x00000000e0000000,0x00000000e1000000)
  from space 2560K, 99% used [0x00000000e1000000,0x00000000e127e010,0x00000000e1280000)
  to   space 2560K, 0% used [0x00000000e2280000,0x00000000e2280000,0x00000000e2500000)
 ParOldGen       total 44032K, used 1599K [0x00000000a0000000, 0x00000000a2b00000, 0x00000000e0000000)
  object space 44032K, 3% used [0x00000000a0000000,0x00000000a018fee8,0x00000000a2b00000)
 Metaspace       used 7108K, capacity 7346K, committed 7680K, reserved 1056768K
  class space    used 875K, capacity 918K, committed 1024K, reserved 1048576K
}
Event: 4.164 GC heap before
{Heap before GC invocations=4 (full 0):
 PSYoungGen      total 18944K, used 18936K [0x00000000e0000000, 0x00000000e2500000, 0x0000000100000000)
  eden space 16384K, 100% used [0x00000000e0000000,0x00000000e1000000,0x00000000e1000000)
  from space 2560K, 99% used [0x00000000e1000000,0x00000000e127e010,0x00000000e1280000)
  to   space 2560K, 0% used [0x00000000e2280000,0x00000000e2280000,0x00000000e2500000)
 ParOldGen       total 44032K, used 1599K [0x00000000a0000000, 0x00000000a2b00000, 0x00000000e0000000)
  object space 44032K, 3% used [0x00000000a0000000,0x00000000a018fee8,0x00000000a2b00000)
 Metaspace       used 9865K, capacity 10120K, committed 10368K, reserved 1058816K
  class space    used 1311K, capacity 1392K, committed 1408K, reserved 1048576K
Event: 4.172 GC heap after
Heap after GC invocations=4 (full 0):
 PSYoungGen      total 18944K, used 2552K [0x00000000e0000000, 0x00000000e2500000, 0x0000000100000000)
  eden space 16384K, 0% used [0x00000000e0000000,0x00000000e0000000,0x00000000e1000000)
  from space 2560K, 99% used [0x00000000e2280000,0x00000000e24fe050,0x00000000e2500000)
  to   space 2560K, 0% used [0x00000000e1000000,0x00000000e1000000,0x00000000e1280000)
 ParOldGen       total 44032K, used 3671K [0x00000000a0000000, 0x00000000a2b00000, 0x00000000e0000000)
  object space 44032K, 8% used [0x00000000a0000000,0x00000000a0395f70,0x00000000a2b00000)
 Metaspace       used 9865K, capacity 10120K, committed 10368K, reserved 1058816K
  class space    used 1311K, capacity 1392K, committed 1408K, reserved 1048576K
}
Event: 5.472 GC heap before
{Heap before GC invocations=5 (full 0):
 PSYoungGen      total 18944K, used 18936K [0x00000000e0000000, 0x00000000e2500000, 0x0000000100000000)
  eden space 16384K, 100% used [0x00000000e0000000,0x00000000e1000000,0x00000000e1000000)
  from space 2560K, 99% used [0x00000000e2280000,0x00000000e24fe050,0x00000000e2500000)
  to   space 2560K, 0% used [0x00000000e1000000,0x00000000e1000000,0x00000000e1280000)
 ParOldGen       total 44032K, used 3671K [0x00000000a0000000, 0x00000000a2b00000, 0x00000000e0000000)
  object space 44032K, 8% used [0x00000000a0000000,0x00000000a0395f70,0x00000000a2b00000)
 Metaspace       used 12268K, capacity 12626K, committed 12928K, reserved 1060864K
  class space    used 1664K, capacity 1803K, committed 1920K, reserved 1048576K
Event: 5.479 GC heap after
Heap after GC invocations=5 (full 0):
 PSYoungGen      total 18944K, used 2552K [0x00000000e0000000, 0x00000000e2300000, 0x0000000100000000)
  eden space 16384K, 0% used [0x00000000e0000000,0x00000000e0000000,0x00000000e1000000)
  from space 2560K, 99% used [0x00000000e1000000,0x00000000e127e030,0x00000000e1280000)
  to   space 5120K, 0% used [0x00000000e1e00000,0x00000000e1e00000,0x00000000e2300000)
 ParOldGen       total 44032K, used 5493K [0x00000000a0000000, 0x00000000a2b00000, 0x00000000e0000000)
  object space 44032K, 12% used [0x00000000a0000000,0x00000000a055d630,0x00000000a2b00000)
 Metaspace       used 12268K, capacity 12626K, committed 12928K, reserved 1060864K
  class space    used 1664K, capacity 1803K, committed 1920K, reserved 1048576K
}
Event: 5.811 GC heap before
{Heap before GC invocations=6 (full 0):
 PSYoungGen      total 18944K, used 18936K [0x00000000e0000000, 0x00000000e2300000, 0x0000000100000000)
  eden space 16384K, 100% used [0x00000000e0000000,0x00000000e1000000,0x00000000e1000000)
  from space 2560K, 99% used [0x00000000e1000000,0x00000000e127e030,0x00000000e1280000)
  to   space 5120K, 0% used [0x00000000e1e00000,0x00000000e1e00000,0x00000000e2300000)
 ParOldGen       total 44032K, used 5493K [0x00000000a0000000, 0x00000000a2b00000, 0x00000000e0000000)
  object space 44032K, 12% used [0x00000000a0000000,0x00000000a055d630,0x00000000a2b00000)
 Metaspace       used 13695K, capacity 14106K, committed 14464K, reserved 1060864K
  class space    used 1921K, capacity 2063K, committed 2176K, reserved 1048576K
Event: 5.821 GC heap after
Heap after GC invocations=6 (full 0):
 PSYoungGen      total 30208K, used 4693K [0x00000000e0000000, 0x00000000e2b00000, 0x0000000100000000)
  eden space 25088K, 0% used [0x00000000e0000000,0x00000000e0000000,0x00000000e1880000)
  from space 5120K, 91% used [0x00000000e1e00000,0x00000000e22954f0,0x00000000e2300000)
  to   space 5632K, 0% used [0x00000000e1880000,0x00000000e1880000,0x00000000e1e00000)
 ParOldGen       total 44032K, used 5501K [0x00000000a0000000, 0x00000000a2b00000, 0x00000000e0000000)
  object space 44032K, 12% used [0x00000000a0000000,0x00000000a055f630,0x00000000a2b00000)
 Metaspace       used 13695K, capacity 14106K, committed 14464K, reserved 1060864K
  class space    used 1921K, capacity 2063K, committed 2176K, reserved 1048576K
}

Deoptimization events (10 events):
Event: 5.215 Thread 0x00000000194d3800 Uncommon trap: reason=unstable_if action=reinterpret pc=0x00000000033bc0c4 method=java.util.concurrent.ConcurrentHashMap.putVal(Ljava/lang/Object;Ljava/lang/Object;Z)Ljava/lang/Object; @ 206
Event: 5.336 Thread 0x00000000198e8000 Uncommon trap: reason=unstable_if action=reinterpret pc=0x00000000033f98ac method=sun.nio.cs.ext.DoubleByte$Encoder.encodeArrayLoop(Ljava/nio/CharBuffer;Ljava/nio/ByteBuffer;)Ljava/nio/charset/CoderResult; @ 218
Event: 5.350 Thread 0x00000000198e8000 Uncommon trap: reason=bimorphic action=maybe_recompile pc=0x000000000325f488 method=java.util.HashMap.putVal(ILjava/lang/Object;Ljava/lang/Object;ZZ)Ljava/lang/Object; @ 253
Event: 5.350 Thread 0x00000000198e8000 Uncommon trap: reason=bimorphic action=maybe_recompile pc=0x000000000325f488 method=java.util.HashMap.putVal(ILjava/lang/Object;Ljava/lang/Object;ZZ)Ljava/lang/Object; @ 253
Event: 5.350 Thread 0x00000000198e8000 Uncommon trap: reason=bimorphic action=maybe_recompile pc=0x000000000325f488 method=java.util.HashMap.putVal(ILjava/lang/Object;Ljava/lang/Object;ZZ)Ljava/lang/Object; @ 253
Event: 5.350 Thread 0x00000000198e8000 Uncommon trap: reason=bimorphic action=maybe_recompile pc=0x000000000325a764 method=java.util.HashMap.putVal(ILjava/lang/Object;Ljava/lang/Object;ZZ)Ljava/lang/Object; @ 253
Event: 5.967 Thread 0x00000000198e8000 Uncommon trap: reason=class_check action=maybe_recompile pc=0x0000000003298984 method=java.util.regex.Matcher.match(II)Z @ 86
Event: 5.996 Thread 0x00000000198e8000 Uncommon trap: reason=class_check action=maybe_recompile pc=0x0000000003298984 method=java.util.regex.Matcher.match(II)Z @ 86
Event: 5.997 Thread 0x00000000198e8000 Uncommon trap: reason=class_check action=maybe_recompile pc=0x0000000003298984 method=java.util.regex.Matcher.match(II)Z @ 86
Event: 5.997 Thread 0x00000000198e8000 Uncommon trap: reason=class_check action=maybe_recompile pc=0x0000000003266d9c method=java.util.regex.Matcher.match(II)Z @ 86

Classes redefined (0 events):
No events

Internal exceptions (10 events):
Event: 5.220 Thread 0x00000000194d3800 Exception <a 'java/lang/NoSuchMethodError': <clinit>> (0x00000000e052dcd8) thrown at [D:\src\AOSP-openjdk-cygwin\jdk8u\hotspot\src\share\vm\prims\jni.cpp, line 1613]
Event: 5.225 Thread 0x00000000194d3800 Exception <a 'java/lang/NoSuchMethodError': <clinit>> (0x00000000e05395d0) thrown at [D:\src\AOSP-openjdk-cygwin\jdk8u\hotspot\src\share\vm\prims\jni.cpp, line 1613]
Event: 5.226 Thread 0x00000000194d3800 Exception <a 'java/lang/NoSuchMethodError': <clinit>> (0x00000000e0542bb0) thrown at [D:\src\AOSP-openjdk-cygwin\jdk8u\hotspot\src\share\vm\prims\jni.cpp, line 1613]
Event: 5.233 Thread 0x00000000194d3800 Exception <a 'java/lang/NoSuchMethodError': <clinit>> (0x00000000e0569a70) thrown at [D:\src\AOSP-openjdk-cygwin\jdk8u\hotspot\src\share\vm\prims\jni.cpp, line 1613]
Event: 5.239 Thread 0x00000000194d3800 Exception <a 'java/lang/NoSuchMethodError': <clinit>> (0x00000000e05819c0) thrown at [D:\src\AOSP-openjdk-cygwin\jdk8u\hotspot\src\share\vm\prims\jni.cpp, line 1613]
Event: 5.242 Thread 0x00000000194d3800 Exception <a 'java/lang/NoSuchMethodError': <clinit>> (0x00000000e058a488) thrown at [D:\src\AOSP-openjdk-cygwin\jdk8u\hotspot\src\share\vm\prims\jni.cpp, line 1613]
Event: 5.248 Thread 0x00000000194d3800 Exception <a 'java/lang/NoSuchMethodError': <clinit>> (0x00000000e05a0360) thrown at [D:\src\AOSP-openjdk-cygwin\jdk8u\hotspot\src\share\vm\prims\jni.cpp, line 1613]
Event: 5.274 Thread 0x00000000194d3800 Exception <a 'java/lang/NoSuchMethodError': <clinit>> (0x00000000e05feca0) thrown at [D:\src\AOSP-openjdk-cygwin\jdk8u\hotspot\src\share\vm\prims\jni.cpp, line 1613]
Event: 5.281 Thread 0x00000000194d3800 Exception <a 'java/lang/NoSuchMethodError': <clinit>> (0x00000000e062b158) thrown at [D:\src\AOSP-openjdk-cygwin\jdk8u\hotspot\src\share\vm\prims\jni.cpp, line 1613]
Event: 5.299 Thread 0x00000000194d3800 Exception <a 'java/lang/NoSuchMethodError': <clinit>> (0x00000000e0647cc0) thrown at [D:\src\AOSP-openjdk-cygwin\jdk8u\hotspot\src\share\vm\prims\jni.cpp, line 1613]

Events (10 events):
Event: 6.626 loading class org/gradle/internal/typeconversion/CharSequenceNotationConverter
Event: 6.627 loading class org/gradle/internal/typeconversion/CharSequenceNotationConverter done
Event: 6.631 loading class org/gradle/internal/typeconversion/JustReturningConverter
Event: 6.631 loading class org/gradle/internal/typeconversion/JustReturningConverter done
Event: 6.632 loading class org/gradle/internal/typeconversion/CompositeNotationConverter
Event: 6.632 loading class org/gradle/internal/typeconversion/CompositeNotationConverter done
Event: 6.635 loading class org/gradle/internal/typeconversion/NotationConverterToNotationParserAdapter
Event: 6.635 loading class org/gradle/internal/typeconversion/NotationConverterToNotationParserAdapter done
Event: 6.636 loading class org/gradle/internal/typeconversion/NotationConvertResult
Event: 6.636 loading class org/gradle/internal/typeconversion/NotationConvertResult done


Dynamic libraries:
0x00007ff7a8c40000 - 0x00007ff7a8c71000 	A:\AndroidStudio\AS application\jre\bin\java.exe
0x00007ffc419d0000 - 0x00007ffc41bb1000 	C:\WINDOWS\SYSTEM32\ntdll.dll
0x00007ffc40be0000 - 0x00007ffc40c91000 	C:\WINDOWS\System32\KERNEL32.DLL
0x00007ffc3eb30000 - 0x00007ffc3eda3000 	C:\WINDOWS\System32\KERNELBASE.dll
0x00007ffc40d00000 - 0x00007ffc40da1000 	C:\WINDOWS\System32\ADVAPI32.dll
0x00007ffc3ee60000 - 0x00007ffc3eefe000 	C:\WINDOWS\System32\msvcrt.dll
0x00007ffc408a0000 - 0x00007ffc408fb000 	C:\WINDOWS\System32\sechost.dll
0x00007ffc405b0000 - 0x00007ffc406d4000 	C:\WINDOWS\System32\RPCRT4.dll
0x00007ffc40710000 - 0x00007ffc408a0000 	C:\WINDOWS\System32\USER32.dll
0x00007ffc3e360000 - 0x00007ffc3e380000 	C:\WINDOWS\System32\win32u.dll
0x00007ffc41200000 - 0x00007ffc41228000 	C:\WINDOWS\System32\GDI32.dll
0x00007ffc3e1c0000 - 0x00007ffc3e352000 	C:\WINDOWS\System32\gdi32full.dll
0x00007ffc3ea90000 - 0x00007ffc3eb2f000 	C:\WINDOWS\System32\msvcp_win.dll
0x00007ffc3e0c0000 - 0x00007ffc3e1b8000 	C:\WINDOWS\System32\ucrtbase.dll
0x00007ffc2ecf0000 - 0x00007ffc2ef59000 	C:\WINDOWS\WinSxS\amd64_microsoft.windows.common-controls_6595b64144ccf1df_6.0.17134.765_none_fb42a1a930655896\COMCTL32.dll
0x00007ffc40db0000 - 0x00007ffc410d2000 	C:\WINDOWS\System32\combase.dll
0x00007ffc3dda0000 - 0x00007ffc3de1a000 	C:\WINDOWS\System32\bcryptPrimitives.dll
0x00007ffc406e0000 - 0x00007ffc4070d000 	C:\WINDOWS\System32\IMM32.DLL
0x000000005a470000 - 0x000000005a542000 	A:\AndroidStudio\AS application\jre\jre\bin\msvcr100.dll
0x000000005aed0000 - 0x000000005b711000 	A:\AndroidStudio\AS application\jre\jre\bin\server\jvm.dll
0x00007ffc40920000 - 0x00007ffc40928000 	C:\WINDOWS\System32\PSAPI.DLL
0x00007ffc3c8f0000 - 0x00007ffc3c8f9000 	C:\WINDOWS\SYSTEM32\WSOCK32.dll
0x00007ffc39bd0000 - 0x00007ffc39bda000 	C:\WINDOWS\SYSTEM32\VERSION.dll
0x00007ffc39450000 - 0x00007ffc39473000 	C:\WINDOWS\SYSTEM32\WINMM.dll
0x00007ffc40b70000 - 0x00007ffc40bdc000 	C:\WINDOWS\System32\WS2_32.dll
0x00007ffc393f0000 - 0x00007ffc3941a000 	C:\WINDOWS\SYSTEM32\winmmbase.dll
0x00007ffc3e070000 - 0x00007ffc3e0b9000 	C:\WINDOWS\System32\cfgmgr32.dll
0x00007ffc39440000 - 0x00007ffc3944f000 	A:\AndroidStudio\AS application\jre\jre\bin\verify.dll
0x00007ffc390c0000 - 0x00007ffc390e9000 	A:\AndroidStudio\AS application\jre\jre\bin\java.dll
0x00007ffc39420000 - 0x00007ffc39436000 	A:\AndroidStudio\AS application\jre\jre\bin\zip.dll
0x00007ffc3ef00000 - 0x00007ffc40340000 	C:\WINDOWS\System32\SHELL32.dll
0x00007ffc410e0000 - 0x00007ffc41189000 	C:\WINDOWS\System32\shcore.dll
0x00007ffc3e380000 - 0x00007ffc3ea8d000 	C:\WINDOWS\System32\windows.storage.dll
0x00007ffc411a0000 - 0x00007ffc411f1000 	C:\WINDOWS\System32\shlwapi.dll
0x00007ffc3dd60000 - 0x00007ffc3dd71000 	C:\WINDOWS\System32\kernel.appcore.dll
0x00007ffc3dd80000 - 0x00007ffc3dd9f000 	C:\WINDOWS\System32\profapi.dll
0x00007ffc3dce0000 - 0x00007ffc3dd2c000 	C:\WINDOWS\System32\powrprof.dll
0x00007ffc3dd50000 - 0x00007ffc3dd5a000 	C:\WINDOWS\System32\FLTLIB.DLL
0x00007ffc38980000 - 0x00007ffc3899a000 	A:\AndroidStudio\AS application\jre\jre\bin\net.dll
0x00007ffc3d560000 - 0x00007ffc3d5c6000 	C:\WINDOWS\system32\mswsock.dll
0x00007ffc38960000 - 0x00007ffc38971000 	A:\AndroidStudio\AS application\jre\jre\bin\nio.dll
0x00007ffc1f0d0000 - 0x00007ffc1f0ee000 	A:\gradle-4.10.1\native\25\windows-amd64\native-platform.dll
0x00007ffc392d0000 - 0x00007ffc392dd000 	A:\AndroidStudio\AS application\jre\jre\bin\management.dll
0x00007ffc3d710000 - 0x00007ffc3d727000 	C:\WINDOWS\SYSTEM32\CRYPTSP.dll
0x00007ffc3d140000 - 0x00007ffc3d173000 	C:\WINDOWS\system32\rsaenh.dll
0x00007ffc3d840000 - 0x00007ffc3d865000 	C:\WINDOWS\SYSTEM32\bcrypt.dll
0x00007ffc3dc10000 - 0x00007ffc3dc38000 	C:\WINDOWS\SYSTEM32\USERENV.dll
0x00007ffc3d730000 - 0x00007ffc3d73b000 	C:\WINDOWS\SYSTEM32\CRYPTBASE.dll
0x00007ffc3d2e0000 - 0x00007ffc3d318000 	C:\WINDOWS\SYSTEM32\IPHLPAPI.DLL
0x00007ffc405a0000 - 0x00007ffc405a8000 	C:\WINDOWS\System32\NSI.dll
0x00007ffc33b70000 - 0x00007ffc33b86000 	C:\WINDOWS\SYSTEM32\dhcpcsvc6.DLL
0x00007ffc33b50000 - 0x00007ffc33b6a000 	C:\WINDOWS\SYSTEM32\dhcpcsvc.DLL

VM Arguments:
jvm_args: -Xmx1536m -Dfile.encoding=GBK -Duser.country=CN -Duser.language=zh -Duser.variant 
java_command: org.gradle.launcher.daemon.bootstrap.GradleDaemon 4.10.1
java_class_path (initial): A:\gradle-4.10.1\wrapper\dists\gradle-4.10.1-all\455itskqi2qtf0v2sja68alqd\gradle-4.10.1\lib\gradle-launcher-4.10.1.jar
Launcher Type: SUN_STANDARD

Environment Variables:
JAVA_HOME=C:\Program Files\Java\jdk1.8.0_144
CLASSPATH=.;C:\Program Files\Java\jdk1.8.0_144\lib\tools.jar;C:\Program Files\Java\jdk1.8.0_144\lib\dt.jar
PATH=C:\ProgramData\Oracle\Java\javapath;C:\WINDOWS\system32;C:\WINDOWS;C:\WINDOWS\System32\Wbem;C:\WINDOWS\System32\WindowsPowerShell\v1.0\;C:\Program Files\Git\cmd;C:\Program Files\Java\jdk1.8.0_144\bin;C:\WINDOWS\System32\OpenSSH\;A:\Program Files\nodejs\;A:\Program Files\nodejs\node_global;C:\Users\cyz\Desktop\Ç°¶Ë\HBuilderX\plugins\launcher\tools\adbs\adb.exe;C:\Program Files (x86)\LeanPro\CukeTest\;C:\Users\cyz\AppData\Local\Microsoft\WindowsApps;C:\Program Files\Bandizip\;C:\Users\86178\AppData\Roaming\npm;C:\Users\cyz\AppData\Local\GitHubDesktop\bin;C:\Users\cyz\AppData\Local\Microsoft\WindowsApps;C:\Users\cyz\AppData\Local\Programs\Microsoft VS Code\bin;C:\Users\cyz\AppData\Roaming\npm
USERNAME=cyz
OS=Windows_NT
PROCESSOR_IDENTIFIER=Intel64 Family 6 Model 78 Stepping 3, GenuineIntel



---------------  S Y S T E M  ---------------

OS: Windows 10.0 , 64 bit Build 17134 (10.0.17134.753)

CPU:total 4 (initial active 4) (2 cores per cpu, 2 threads per core) family 6 model 78 stepping 3, cmov, cx8, fxsr, mmx, sse, sse2, sse3, ssse3, sse4.1, sse4.2, popcnt, avx, avx2, aes, clmul, erms, 3dnowpref, lzcnt, ht, tsc, tscinvbit, bmi1, bmi2, adx

Memory: 4k page, physical 4084832k(182260k free), swap 16667744k(5608k free)

vm_info: OpenJDK 64-Bit Server VM (25.152-b01) for windows-amd64 JRE (1.8.0_152-release-1248-b01), built by "builder" with MS VC++ 10.0 (VS2010)

time: Sat Jun 15 21:53:35 2019
elapsed time: 6 seconds (0d 0h 0m 6s)

